<?xml version="1.0" encoding="UTF-8"?>
<!-- Generated by org.testng.reporters.JUnitReportReporter -->
<testsuite hostname="Chinnu" failures="0" tests="1" name="StaticFileJson.StaticFile" time="2.947" errors="0" timestamp="2025-02-20T11:52:25 IST" skipped="0">
  <testcase classname="StaticFileJson.StaticFile" name="addBook" time="2.947"/>
</testsuite> <!-- StaticFileJson.StaticFile -->
