<?xml version="1.0" encoding="UTF-8"?>
<!-- Generated by org.testng.reporters.JUnitReportReporter -->
<testsuite hostname="Chinnu" failures="0" tests="3" name="DynamicJson.DynamnicJson" time="3.072" errors="0" timestamp="2025-02-20T11:37:05 IST" skipped="0">
  <testcase classname="DynamicJson.DynamnicJson" name="addBook" time="0.151"/>
  <testcase classname="DynamicJson.DynamnicJson" name="addBook" time="2.746"/>
  <testcase classname="DynamicJson.DynamnicJson" name="addBook" time="0.175"/>
</testsuite> <!-- DynamicJson.DynamnicJson -->
