<?xml version="1.0" encoding="UTF-8"?>
<!-- Generated by org.testng.reporters.JUnitReportReporter -->
<testsuite hostname="Chinnu" failures="0" tests="1" name="complexJson.SumValue" time="1.617" errors="0" timestamp="2025-02-19T17:28:43 IST" skipped="0">
  <testcase classname="complexJson.SumValue" name="sumOfCources" time="1.617"/>
</testsuite> <!-- complexJson.SumValue -->
